


ARM Macro Assembler    Page 1 


    1 00000000         ; AREA RESET , DATA , READONLY
    2 00000000         ; EXPORT __Vectors 
    3 00000000         ; __Vectors
    4 00000000         ; DCD 0X10001000 ;stack pointer value stack is empty
    5 00000000         ; DCD Reset_Handler ;reset vector
    6 00000000         ; ALIGN
    7 00000000                 AREA             mycode , CODE, READONLY
    8 00000000                 ENTRY
    9 00000000         ; EXPORT Reset_Handler
   10 00000000         ; Reset_Handler
   11 00000000 F04F 0305       MOV              R3, #5
   12 00000004 4805            LDR              R0, =N      ;
   13 00000006 4906            LDR              R1, =DST    ;
   14 00000008         BACK
   15 00000008 F850 2B04       LDR              R2, [R0], #4
   16 0000000C F841 2B04       STR              R2, [R1], #4
   17 00000010 F1A3 0301       SUB              R3, #1
   18 00000014 2B00            CMP              R3, #0
   19 00000016 D1F7            BNE              BACK
   20 00000018         STOP
   21 00000018 E7FE            B                STOP
   22 0000001A         
   23 0000001A 00 00 00000000 
              00000000         AREA             mydata , DATA , READWRITE
   24 00000000 12345678 
              0000006A 
              00000234 
              0000049C 
              000A13BC N       DCD              0X12345678,0x6A,0x234,0x49C,0xA
13BC
   25 00000014 00000000 
              00000000 
              00000000 
              00000000 
              00000000 DST     DCD              0,0,0,0,0
   26 00000028                 END
Command Line: --debug --xref --cpu=Cortex-M3 --apcs=interwork --depend=q1a.d -o
q1a.o -IC:\Keil\ARM\RV31\INC -IC:\Keil\ARM\CMSIS\Include -IC:\Keil\ARM\Inc\NXP\
LPC17xx --predefine="__EVAL SETA 1" --list=q1a.lst q1a.asm



ARM Macro Assembler    Page 1 Alphabetic symbol ordering
Relocatable symbols

BACK 00000008

Symbol: BACK
   Definitions
      At line 14 in file q1a.asm
   Uses
      At line 19 in file q1a.asm
Comment: BACK used once
STOP 00000018

Symbol: STOP
   Definitions
      At line 20 in file q1a.asm
   Uses
      At line 21 in file q1a.asm
Comment: STOP used once
mycode 00000000

Symbol: mycode
   Definitions
      At line 7 in file q1a.asm
   Uses
      None
Comment: mycode unused
3 symbols



ARM Macro Assembler    Page 1 Alphabetic symbol ordering
Relocatable symbols

DST 00000014

Symbol: DST
   Definitions
      At line 25 in file q1a.asm
   Uses
      At line 13 in file q1a.asm
Comment: DST used once
N 00000000

Symbol: N
   Definitions
      At line 24 in file q1a.asm
   Uses
      At line 12 in file q1a.asm
Comment: N used once
mydata 00000000

Symbol: mydata
   Definitions
      At line 23 in file q1a.asm
   Uses
      None
Comment: mydata unused
3 symbols
339 symbols in table
