


ARM Macro Assembler    Page 1 


    1 00000000         ; AREA    RESET, DATA, READONLY
    2 00000000         ; EXPORT  __Vectors 
    3 00000000         ; __Vectors
    4 00000000         ; DCD     0x10001000     ; Stack pointer value, stack is
                        empty
    5 00000000         ; DCD     Reset_Handler  ; Reset vector
    6 00000000         ; ALIGN
    7 00000000         
    8 00000000                 AREA             mycode, CODE, READONLY
    9 00000000                 ENTRY
   10 00000000         ; EXPORT  Reset_Handler
   11 00000000         
   12 00000000         ; Reset_Handler
   13 00000000 4805            LDR              R0, =N      ; Load the base add
                                                            ress of source arra
                                                            y N into R0
   14 00000002 4906            LDR              R1, =DST    ; Load the base add
                                                            ress of destination
                                                             array DST into R1
   15 00000004 F04F 0305       MOV              R3, #5      ; Load loop counter
                                                             with 5 (for 5 32-b
                                                            it numbers)
   16 00000008         
   17 00000008         copy_loop
   18 00000008 F850 2B04       LDR              R2, [R0], #4 ; Load a 32-bit wo
                                                            rd from N into R2, 
                                                            post-increment R0 b
                                                            y 4
   19 0000000C F841 2B04       STR              R2, [R1], #4 ; Store the 32-bit
                                                             word from R2 into 
                                                            DST, post-increment
                                                             R1 by 4
   20 00000010 1E5B            SUBS             R3, R3, #1  ; Decrement loop co
                                                            unter R3
   21 00000012 D1F9            BNE              copy_loop   ; If R3 is not zero
                                                            , branch back to co
                                                            py_loop
   22 00000014         
   23 00000014         STOP
   24 00000014 E7FE            B                STOP        ; Infinite loop to 
                                                            stop the program
   25 00000016         
   26 00000016 00 00 00000000 
              00000000         AREA             mydata, DATA, READWRITE
   27 00000000 12345678 
              0000006A 
              00000234 
              0000049C 
              000A13BC N       DCD              0x12345678, 0x6A, 0x234, 0x49C,
 0xA13BC 
                                                            ; Source array
   28 00000014 00000000 
              00000000 
              00000000 
              00000000 
              00000000 DST     DCD              0, 0, 0, 0, 0 
                                                            ; Destination array
                                                            
   29 00000028                 END



ARM Macro Assembler    Page 2 


Command Line: --debug --xref --cpu=Cortex-M3 --apcs=interwork --depend=q1b.d -o
q1b.o -IC:\Keil\ARM\RV31\INC -IC:\Keil\ARM\CMSIS\Include -IC:\Keil\ARM\Inc\NXP\
LPC17xx --predefine="__EVAL SETA 1" --list=q1b.lst q1b.asm



ARM Macro Assembler    Page 1 Alphabetic symbol ordering
Relocatable symbols

STOP 00000014

Symbol: STOP
   Definitions
      At line 23 in file q1b.asm
   Uses
      At line 24 in file q1b.asm
Comment: STOP used once
copy_loop 00000008

Symbol: copy_loop
   Definitions
      At line 17 in file q1b.asm
   Uses
      At line 21 in file q1b.asm
Comment: copy_loop used once
mycode 00000000

Symbol: mycode
   Definitions
      At line 8 in file q1b.asm
   Uses
      None
Comment: mycode unused
3 symbols



ARM Macro Assembler    Page 1 Alphabetic symbol ordering
Relocatable symbols

DST 00000014

Symbol: DST
   Definitions
      At line 28 in file q1b.asm
   Uses
      At line 14 in file q1b.asm
Comment: DST used once
N 00000000

Symbol: N
   Definitions
      At line 27 in file q1b.asm
   Uses
      At line 13 in file q1b.asm
Comment: N used once
mydata 00000000

Symbol: mydata
   Definitions
      At line 26 in file q1b.asm
   Uses
      None
Comment: mydata unused
3 symbols
339 symbols in table
