


ARM Macro Assembler    Page 1 


    1 00000000                 AREA             RESET, DATA, READONLY
    2 00000000                 EXPORT           __Vectors
    3 00000000         __Vectors
    4 00000000 10001000        DCD              0x10001000  ; Stack pointer val
                                                            ue, stack is empty
    5 00000004 00000000        DCD              Reset_Handler ; Reset vector
    6 00000008                 ALIGN
    7 00000008         
    8 00000008                 AREA             mycode, CODE, READONLY
    9 00000000                 ENTRY
   10 00000000                 EXPORT           Reset_Handler
   11 00000000         
   12 00000000         Reset_Handler
   13 00000000 4808            LDR              R0, =num1   ; Load address of t
                                                            he first number int
                                                            o R0
   14 00000002 4909            LDR              R1, =num2   ; Load address of t
                                                            he second number in
                                                            to R1
   15 00000004 4A09            LDR              R2, =result ; Load address wher
                                                            e the result will b
                                                            e stored into R2
   16 00000006         
   17 00000006 6803            LDR              R3, [R0]    ; Load the value of
                                                             num1 into R3
   18 00000008 680C            LDR              R4, [R1]    ; Load the value of
                                                             num2 into R4
   19 0000000A         
   20 0000000A F04F 0500       MOV              R5, #0      ; Initialize sum to
                                                             0
   21 0000000E F04F 0600       MOV              R6, #0      ; Initialize carry 
                                                            to 0 (R6 will be us
                                                            ed for carry)
   22 00000012         
   23 00000012         multiply_loop
   24 00000012 2C00            CMP              R4, #0      ; Compare R4 (num2)
                                                             with 0
   25 00000014 D004            BEQ              done        ; If R4 == 0, exit 
                                                            the loop
   26 00000016         
   27 00000016 441D            ADD              R5, R5, R3  ; Add R3 (num1) to 
                                                            sum
   28 00000018 1E64            SUBS             R4, R4, #1  ; Decrement R4 (num
                                                            2) by 1
   29 0000001A F156 0600       ADCS             R6, R6, #0  ; Add carry to sum 
                                                            (if there was a car
                                                            ry from previous ad
                                                            dition)
   30 0000001E         
   31 0000001E E7F8            B                multiply_loop ; Repeat the loop
                                                            
   32 00000020         
   33 00000020         done
   34 00000020 6015            STR              R5, [R2]    ; Store the result 
                                                            in memory
   35 00000022         
   36 00000022         STOP
   37 00000022 E7FE            B                STOP        ; Infinite loop to 
                                                            stop the program



ARM Macro Assembler    Page 2 


   38 00000024         
   39 00000024 00000000 
              00000000 
              00000000         AREA             mydata, DATA, READWRITE
   40 00000000         num1
   41 00000000 0000000C        DCD              12          ; First 32-bit numb
                                                            er (change as neede
                                                            d)
   42 00000004         num2
   43 00000004 0000000F        DCD              15          ; Second 32-bit num
                                                            ber (change as need
                                                            ed)
   44 00000008         result
   45 00000008 00000000        DCD              0           ; Reserve a word to
                                                             store the result
   46 0000000C         
   47 0000000C                 END
Command Line: --debug --xref --cpu=Cortex-M3 --apcs=interwork --depend=a4.d -oa
4.o -IC:\Keil\ARM\RV31\INC -IC:\Keil\ARM\CMSIS\Include -IC:\Keil\ARM\Inc\NXP\LP
C17xx --predefine="__EVAL SETA 1" --list=a4.lst a4.asm



ARM Macro Assembler    Page 1 Alphabetic symbol ordering
Relocatable symbols

RESET 00000000

Symbol: RESET
   Definitions
      At line 1 in file a4.asm
   Uses
      None
Comment: RESET unused
__Vectors 00000000

Symbol: __Vectors
   Definitions
      At line 3 in file a4.asm
   Uses
      At line 2 in file a4.asm
Comment: __Vectors used once
2 symbols



ARM Macro Assembler    Page 1 Alphabetic symbol ordering
Relocatable symbols

Reset_Handler 00000000

Symbol: Reset_Handler
   Definitions
      At line 12 in file a4.asm
   Uses
      At line 5 in file a4.asm
      At line 10 in file a4.asm

STOP 00000022

Symbol: STOP
   Definitions
      At line 36 in file a4.asm
   Uses
      At line 37 in file a4.asm
Comment: STOP used once
done 00000020

Symbol: done
   Definitions
      At line 33 in file a4.asm
   Uses
      At line 25 in file a4.asm
Comment: done used once
multiply_loop 00000012

Symbol: multiply_loop
   Definitions
      At line 23 in file a4.asm
   Uses
      At line 31 in file a4.asm
Comment: multiply_loop used once
mycode 00000000

Symbol: mycode
   Definitions
      At line 8 in file a4.asm
   Uses
      None
Comment: mycode unused
5 symbols



ARM Macro Assembler    Page 1 Alphabetic symbol ordering
Relocatable symbols

mydata 00000000

Symbol: mydata
   Definitions
      At line 39 in file a4.asm
   Uses
      None
Comment: mydata unused
num1 00000000

Symbol: num1
   Definitions
      At line 40 in file a4.asm
   Uses
      At line 13 in file a4.asm
Comment: num1 used once
num2 00000004

Symbol: num2
   Definitions
      At line 42 in file a4.asm
   Uses
      At line 14 in file a4.asm
Comment: num2 used once
result 00000008

Symbol: result
   Definitions
      At line 44 in file a4.asm
   Uses
      At line 15 in file a4.asm
Comment: result used once
4 symbols
344 symbols in table
